<?xml version="1.0" encoding="UTF-8"?>
<testng-results skipped="0" failed="0" ignored="0" total="1" passed="1">
  <reporter-output>
  </reporter-output>
  <suite name="Default suite" duration-ms="53" started-at="2023-09-23T12:31:25 IST" finished-at="2023-09-23T12:31:25 IST">
    <groups>
    </groups>
    <test name="Default test" duration-ms="53" started-at="2023-09-23T12:31:25 IST" finished-at="2023-09-23T12:31:25 IST">
      <class name="PracticeBDD.Julypractice.Matrix">
        <test-method status="PASS" signature="Pascal()[pri:0, instance:PracticeBDD.Julypractice.Matrix@23fe1d71]" name="Pascal" duration-ms="8" started-at="2023-09-23T12:31:25 IST" finished-at="2023-09-23T12:31:25 IST">
          <reporter-output>
          </reporter-output>
        </test-method> <!-- Pascal -->
      </class> <!-- PracticeBDD.Julypractice.Matrix -->
    </test> <!-- Default test -->
  </suite> <!-- Default suite -->
</testng-results>
